Sat Nov 19 14:36:36 CST 2016 : Apache Derby Network Server - 10.8.3.2 - (1557835) started and ready to accept connections on port 1527
----------------------------------------------------------------
Sat Nov 19 14:36:36 CST 2016:
Booting Derby version The Apache Software Foundation - Apache Derby - 10.8.3.2 - (1557835): instance a816c00e-0158-7e4e-14d2-fffffef2d922 
on database directory C:\Users\AJ\Documents\NetBeansProjects\CourseScheduler\SchoolData  with class loader sun.misc.Launcher$AppClassLoader@5e2de80c 
Loaded from file:/C:/Program%20Files/Java/jdk1.7.0_80/db/lib/derby.jar
java.vendor=Oracle Corporation
java.runtime.version=1.8.0_60-b27
user.dir=C:\Program Files\Java\jdk1.7.0_80\db
os.name=Windows 10
os.arch=amd64
os.version=10.0
derby.system.home=C:\Users\AJ\Documents\NetBeansProjects\CourseScheduler
Database Class Loader started - derby.database.classpath=''
----------------------------------------------------------------
Sat Nov 19 14:42:10 CST 2016: Shutting down Derby engine
----------------------------------------------------------------
Sat Nov 19 14:42:10 CST 2016:
Shutting down instance a816c00e-0158-7e4e-14d2-fffffef2d922 on database directory C:\Users\AJ\Documents\NetBeansProjects\CourseScheduler\SchoolData with class loader sun.misc.Launcher$AppClassLoader@5e2de80c 
----------------------------------------------------------------
